[    6844ms] [VERBOSE] [DOM] Input elements should have autocomplete attributes (suggested: "current-password"): (More info: https://goo.gl/9p2vKq) %o @ https://ominous-space-acorn-jx4q5vpjvpp3pgvj-3000.app.github.dev/login:0
[    7453ms] [INFO] %cDownload the React DevTools for a better development experience: https://react.dev/link/react-devtools font-weight:bold @ https://ominous-space-acorn-jx4q5vpjvpp3pgvj-3000.app.github.dev/_next/static/chunks/ccf90_next_dist_6161fc0b._.js:2287
[    7603ms] [LOG] [HMR] connected @ https://ominous-space-acorn-jx4q5vpjvpp3pgvj-3000.app.github.dev/_next/static/chunks/ccf90_next_dist_6161fc0b._.js:2287
[    7790ms] [LOG] [Fast Refresh] rebuilding @ https://ominous-space-acorn-jx4q5vpjvpp3pgvj-3000.app.github.dev/_next/static/chunks/ccf90_next_dist_6161fc0b._.js:2287
[    8055ms] [LOG] [Fast Refresh] done in 379ms @ https://ominous-space-acorn-jx4q5vpjvpp3pgvj-3000.app.github.dev/_next/static/chunks/ccf90_next_dist_6161fc0b._.js:2287
[   10682ms] [LOG] [Fast Refresh] rebuilding @ https://ominous-space-acorn-jx4q5vpjvpp3pgvj-3000.app.github.dev/_next/static/chunks/ccf90_next_dist_6161fc0b._.js:2287
[   10877ms] [LOG] [Fast Refresh] done in 295ms @ https://ominous-space-acorn-jx4q5vpjvpp3pgvj-3000.app.github.dev/_next/static/chunks/ccf90_next_dist_6161fc0b._.js:2287
[   20161ms] [ERROR] WebSocket connection to 'wss://ominous-space-acorn-jx4q5vpjvpp3pgvj-3000.app.github.dev/_next/webpack-hmr?id=vWYJviXFPvZTawSOJDRfQ' failed: Error during WebSocket handshake: Unexpected response code: 502 @ https://ominous-space-acorn-jx4q5vpjvpp3pgvj-3000.app.github.dev/_next/static/chunks/ccf90_next_dist_client_745c2051._.js:10117
[   21206ms] [ERROR] WebSocket connection to 'wss://ominous-space-acorn-jx4q5vpjvpp3pgvj-3000.app.github.dev/_next/webpack-hmr?id=vWYJviXFPvZTawSOJDRfQ' failed: Error during WebSocket handshake: Unexpected response code: 502 @ https://ominous-space-acorn-jx4q5vpjvpp3pgvj-3000.app.github.dev/_next/static/chunks/ccf90_next_dist_client_745c2051._.js:10117
[   22237ms] [ERROR] WebSocket connection to 'wss://ominous-space-acorn-jx4q5vpjvpp3pgvj-3000.app.github.dev/_next/webpack-hmr?id=vWYJviXFPvZTawSOJDRfQ' failed: Error during WebSocket handshake: Unexpected response code: 502 @ https://ominous-space-acorn-jx4q5vpjvpp3pgvj-3000.app.github.dev/_next/static/chunks/ccf90_next_dist_client_745c2051._.js:10117
[   23312ms] [ERROR] WebSocket connection to 'wss://ominous-space-acorn-jx4q5vpjvpp3pgvj-3000.app.github.dev/_next/webpack-hmr?id=vWYJviXFPvZTawSOJDRfQ' failed: Error during WebSocket handshake: Unexpected response code: 502 @ https://ominous-space-acorn-jx4q5vpjvpp3pgvj-3000.app.github.dev/_next/static/chunks/ccf90_next_dist_client_745c2051._.js:10117
[   24442ms] [ERROR] WebSocket connection to 'wss://ominous-space-acorn-jx4q5vpjvpp3pgvj-3000.app.github.dev/_next/webpack-hmr?id=vWYJviXFPvZTawSOJDRfQ' failed: Error during WebSocket handshake: Unexpected response code: 502 @ https://ominous-space-acorn-jx4q5vpjvpp3pgvj-3000.app.github.dev/_next/static/chunks/ccf90_next_dist_client_745c2051._.js:10117
[   29489ms] [ERROR] WebSocket connection to 'wss://ominous-space-acorn-jx4q5vpjvpp3pgvj-3000.app.github.dev/_next/webpack-hmr?id=vWYJviXFPvZTawSOJDRfQ' failed: Error during WebSocket handshake: Unexpected response code: 502 @ https://ominous-space-acorn-jx4q5vpjvpp3pgvj-3000.app.github.dev/_next/static/chunks/ccf90_next_dist_client_745c2051._.js:10117
[   34520ms] [LOG] [HMR] connected @ https://ominous-space-acorn-jx4q5vpjvpp3pgvj-3000.app.github.dev/_next/static/chunks/ccf90_next_dist_6161fc0b._.js:2287
[   47859ms] [VERBOSE] [DOM] Input elements should have autocomplete attributes (suggested: "current-password"): (More info: https://goo.gl/9p2vKq) %o @ https://ominous-space-acorn-jx4q5vpjvpp3pgvj-3000.app.github.dev/login:0
[   47920ms] [INFO] %cDownload the React DevTools for a better development experience: https://react.dev/link/react-devtools font-weight:bold @ https://ominous-space-acorn-jx4q5vpjvpp3pgvj-3000.app.github.dev/_next/static/chunks/ccf90_next_dist_6161fc0b._.js:2287
[   48008ms] [LOG] [HMR] connected @ https://ominous-space-acorn-jx4q5vpjvpp3pgvj-3000.app.github.dev/_next/static/chunks/ccf90_next_dist_6161fc0b._.js:2287
[   48172ms] [LOG] [Fast Refresh] rebuilding @ https://ominous-space-acorn-jx4q5vpjvpp3pgvj-3000.app.github.dev/_next/static/chunks/ccf90_next_dist_6161fc0b._.js:2287
[   48337ms] [LOG] [Fast Refresh] done in 264ms @ https://ominous-space-acorn-jx4q5vpjvpp3pgvj-3000.app.github.dev/_next/static/chunks/ccf90_next_dist_6161fc0b._.js:2287
[   52837ms] [ERROR] WebSocket connection to 'wss://ominous-space-acorn-jx4q5vpjvpp3pgvj-3000.app.github.dev/_next/webpack-hmr?id=ssx3wfVGIyF_yYKK4jsTI' failed: Error during WebSocket handshake: Unexpected response code: 502 @ https://ominous-space-acorn-jx4q5vpjvpp3pgvj-3000.app.github.dev/_next/static/chunks/ccf90_next_dist_client_745c2051._.js:10117
[   53865ms] [ERROR] WebSocket connection to 'wss://ominous-space-acorn-jx4q5vpjvpp3pgvj-3000.app.github.dev/_next/webpack-hmr?id=ssx3wfVGIyF_yYKK4jsTI' failed: Error during WebSocket handshake: Unexpected response code: 502 @ https://ominous-space-acorn-jx4q5vpjvpp3pgvj-3000.app.github.dev/_next/static/chunks/ccf90_next_dist_client_745c2051._.js:10117
[   54976ms] [ERROR] WebSocket connection to 'wss://ominous-space-acorn-jx4q5vpjvpp3pgvj-3000.app.github.dev/_next/webpack-hmr?id=ssx3wfVGIyF_yYKK4jsTI' failed: Error during WebSocket handshake: Unexpected response code: 502 @ https://ominous-space-acorn-jx4q5vpjvpp3pgvj-3000.app.github.dev/_next/static/chunks/ccf90_next_dist_client_745c2051._.js:10117
[   56197ms] [ERROR] WebSocket connection to 'wss://ominous-space-acorn-jx4q5vpjvpp3pgvj-3000.app.github.dev/_next/webpack-hmr?id=ssx3wfVGIyF_yYKK4jsTI' failed: Error during WebSocket handshake: Unexpected response code: 502 @ https://ominous-space-acorn-jx4q5vpjvpp3pgvj-3000.app.github.dev/_next/static/chunks/ccf90_next_dist_client_745c2051._.js:10117
[   57232ms] [ERROR] WebSocket connection to 'wss://ominous-space-acorn-jx4q5vpjvpp3pgvj-3000.app.github.dev/_next/webpack-hmr?id=ssx3wfVGIyF_yYKK4jsTI' failed: Error during WebSocket handshake: Unexpected response code: 502 @ https://ominous-space-acorn-jx4q5vpjvpp3pgvj-3000.app.github.dev/_next/static/chunks/ccf90_next_dist_client_745c2051._.js:10117
[   62459ms] [ERROR] WebSocket connection to 'wss://ominous-space-acorn-jx4q5vpjvpp3pgvj-3000.app.github.dev/_next/webpack-hmr?id=ssx3wfVGIyF_yYKK4jsTI' failed: Error during WebSocket handshake: Unexpected response code: 502 @ https://ominous-space-acorn-jx4q5vpjvpp3pgvj-3000.app.github.dev/_next/static/chunks/ccf90_next_dist_client_745c2051._.js:10117
[   67499ms] [ERROR] WebSocket connection to 'wss://ominous-space-acorn-jx4q5vpjvpp3pgvj-3000.app.github.dev/_next/webpack-hmr?id=ssx3wfVGIyF_yYKK4jsTI' failed: Error during WebSocket handshake: Unexpected response code: 502 @ https://ominous-space-acorn-jx4q5vpjvpp3pgvj-3000.app.github.dev/_next/static/chunks/ccf90_next_dist_client_745c2051._.js:10117
[   72619ms] [ERROR] WebSocket connection to 'wss://ominous-space-acorn-jx4q5vpjvpp3pgvj-3000.app.github.dev/_next/webpack-hmr?id=ssx3wfVGIyF_yYKK4jsTI' failed: Error during WebSocket handshake: Unexpected response code: 502 @ https://ominous-space-acorn-jx4q5vpjvpp3pgvj-3000.app.github.dev/_next/static/chunks/ccf90_next_dist_client_745c2051._.js:10117
[   77953ms] [ERROR] WebSocket connection to 'wss://ominous-space-acorn-jx4q5vpjvpp3pgvj-3000.app.github.dev/_next/webpack-hmr?id=ssx3wfVGIyF_yYKK4jsTI' failed: Error during WebSocket handshake: Unexpected response code: 502 @ https://ominous-space-acorn-jx4q5vpjvpp3pgvj-3000.app.github.dev/_next/static/chunks/ccf90_next_dist_client_745c2051._.js:10117
[   82987ms] [ERROR] WebSocket connection to 'wss://ominous-space-acorn-jx4q5vpjvpp3pgvj-3000.app.github.dev/_next/webpack-hmr?id=ssx3wfVGIyF_yYKK4jsTI' failed: Error during WebSocket handshake: Unexpected response code: 502 @ https://ominous-space-acorn-jx4q5vpjvpp3pgvj-3000.app.github.dev/_next/static/chunks/ccf90_next_dist_client_745c2051._.js:10117
[   88259ms] [ERROR] WebSocket connection to 'wss://ominous-space-acorn-jx4q5vpjvpp3pgvj-3000.app.github.dev/_next/webpack-hmr?id=ssx3wfVGIyF_yYKK4jsTI' failed: Error during WebSocket handshake: Unexpected response code: 502 @ https://ominous-space-acorn-jx4q5vpjvpp3pgvj-3000.app.github.dev/_next/static/chunks/ccf90_next_dist_client_745c2051._.js:10117
[   93293ms] [ERROR] WebSocket connection to 'wss://ominous-space-acorn-jx4q5vpjvpp3pgvj-3000.app.github.dev/_next/webpack-hmr?id=ssx3wfVGIyF_yYKK4jsTI' failed: Error during WebSocket handshake: Unexpected response code: 502 @ https://ominous-space-acorn-jx4q5vpjvpp3pgvj-3000.app.github.dev/_next/static/chunks/ccf90_next_dist_client_745c2051._.js:10117
[   95285ms] [ERROR] Failed to load resource: the server responded with a status of 502 () @ chrome-error://chromewebdata/:0
