[  174185ms] [LOG] [Fast Refresh] done in 244ms @ http://localhost:3000/_next/static/chunks/ccf90_next_dist_6161fc0b._.js:2287
[  175308ms] [VERBOSE] [DOM] Input elements should have autocomplete attributes (suggested: "current-password"): (More info: https://goo.gl/9p2vKq) %o @ http://localhost:3000/register:0
[  296675ms] [LOG] [Fast Refresh] rebuilding @ http://localhost:3000/_next/static/chunks/ccf90_next_dist_6161fc0b._.js:2287
[  297375ms] [LOG] [Fast Refresh] done in 801ms @ http://localhost:3000/_next/static/chunks/ccf90_next_dist_6161fc0b._.js:2287
[  297478ms] [LOG] [Fast Refresh] rebuilding @ http://localhost:3000/_next/static/chunks/ccf90_next_dist_6161fc0b._.js:2287
[  297496ms] [LOG] [Fast Refresh] done in 120ms @ http://localhost:3000/_next/static/chunks/ccf90_next_dist_6161fc0b._.js:2287
[  464484ms] [LOG] [Fast Refresh] rebuilding @ http://localhost:3000/_next/static/chunks/ccf90_next_dist_6161fc0b._.js:2287
[  468475ms] [LOG] [Fast Refresh] done in 3167ms @ http://localhost:3000/_next/static/chunks/ccf90_next_dist_6161fc0b._.js:2287
[  471089ms] [VERBOSE] [DOM] Input elements should have autocomplete attributes (suggested: "current-password"): (More info: https://goo.gl/9p2vKq) %o @ http://localhost:3000/register:0
[  471234ms] [LOG] [Fast Refresh] rebuilding @ http://localhost:3000/_next/static/chunks/ccf90_next_dist_6161fc0b._.js:2287
[  471948ms] [LOG] [Fast Refresh] done in 177ms @ http://localhost:3000/_next/static/chunks/ccf90_next_dist_6161fc0b._.js:2287
[  476414ms] [LOG] [Fast Refresh] rebuilding @ http://localhost:3000/_next/static/chunks/ccf90_next_dist_6161fc0b._.js:2287
[  477114ms] [LOG] [Fast Refresh] done in 140ms @ http://localhost:3000/_next/static/chunks/ccf90_next_dist_6161fc0b._.js:2287
[  503042ms] [LOG] [Fast Refresh] rebuilding @ http://localhost:3000/_next/static/chunks/ccf90_next_dist_6161fc0b._.js:2287
[  503050ms] [LOG] [Fast Refresh] done in 105ms @ http://localhost:3000/_next/static/chunks/ccf90_next_dist_6161fc0b._.js:2287
[  509710ms] [LOG] [Fast Refresh] rebuilding @ http://localhost:3000/_next/static/chunks/ccf90_next_dist_6161fc0b._.js:2287
[  509819ms] [LOG] [Fast Refresh] done in 210ms @ http://localhost:3000/_next/static/chunks/ccf90_next_dist_6161fc0b._.js:2287
[  510660ms] [LOG] [Fast Refresh] rebuilding @ http://localhost:3000/_next/static/chunks/ccf90_next_dist_6161fc0b._.js:2287
[  514960ms] [LOG] [Fast Refresh] done in 4470ms @ http://localhost:3000/_next/static/chunks/ccf90_next_dist_6161fc0b._.js:2287
[  515707ms] [LOG] [Fast Refresh] rebuilding @ http://localhost:3000/_next/static/chunks/ccf90_next_dist_6161fc0b._.js:2287
[  515889ms] [LOG] [Fast Refresh] done in 287ms @ http://localhost:3000/_next/static/chunks/ccf90_next_dist_6161fc0b._.js:2287
[  643175ms] [LOG] [Fast Refresh] rebuilding @ http://localhost:3000/_next/static/chunks/ccf90_next_dist_6161fc0b._.js:2287
[  647394ms] [LOG] [Fast Refresh] done in 4925ms @ http://localhost:3000/_next/static/chunks/ccf90_next_dist_6161fc0b._.js:2287
[  755257ms] [LOG] [Fast Refresh] rebuilding @ http://localhost:3000/_next/static/chunks/ccf90_next_dist_6161fc0b._.js:2287
[  755912ms] [LOG] [Fast Refresh] done in 1081ms @ http://localhost:3000/_next/static/chunks/ccf90_next_dist_6161fc0b._.js:2287
[  756506ms] [LOG] [Fast Refresh] rebuilding @ http://localhost:3000/_next/static/chunks/ccf90_next_dist_6161fc0b._.js:2287
[  757499ms] [LOG] [Fast Refresh] done in 1093ms @ http://localhost:3000/_next/static/chunks/ccf90_next_dist_6161fc0b._.js:2287
[  911615ms] [LOG] [Fast Refresh] rebuilding @ http://localhost:3000/_next/static/chunks/ccf90_next_dist_6161fc0b._.js:2287
[  912197ms] [LOG] [Fast Refresh] done in 752ms @ http://localhost:3000/_next/static/chunks/ccf90_next_dist_6161fc0b._.js:2287
[ 1053717ms] [LOG] [Fast Refresh] rebuilding @ http://localhost:3000/_next/static/chunks/ccf90_next_dist_6161fc0b._.js:2287
[ 1055486ms] [LOG] [Fast Refresh] done in 2266ms @ http://localhost:3000/_next/static/chunks/ccf90_next_dist_6161fc0b._.js:2287
[ 1132227ms] [LOG] [Fast Refresh] rebuilding @ http://localhost:3000/_next/static/chunks/ccf90_next_dist_6161fc0b._.js:2287
[ 1132252ms] [LOG] [Fast Refresh] done in 103ms @ http://localhost:3000/_next/static/chunks/ccf90_next_dist_6161fc0b._.js:2287
[ 1171310ms] [LOG] [Fast Refresh] rebuilding @ http://localhost:3000/_next/static/chunks/ccf90_next_dist_6161fc0b._.js:2287
[ 1171516ms] [LOG] [Fast Refresh] done in 113ms @ http://localhost:3000/_next/static/chunks/ccf90_next_dist_6161fc0b._.js:2287
[ 1191851ms] [LOG] [Fast Refresh] rebuilding @ http://localhost:3000/_next/static/chunks/ccf90_next_dist_6161fc0b._.js:2287
[ 1191884ms] [LOG] [Fast Refresh] done in 44ms @ http://localhost:3000/_next/static/chunks/ccf90_next_dist_6161fc0b._.js:2287
[ 1232420ms] [LOG] [Fast Refresh] rebuilding @ http://localhost:3000/_next/static/chunks/ccf90_next_dist_6161fc0b._.js:2287
[ 1232443ms] [LOG] [Fast Refresh] done in 58ms @ http://localhost:3000/_next/static/chunks/ccf90_next_dist_6161fc0b._.js:2287
[ 1245970ms] [LOG] [Fast Refresh] rebuilding @ http://localhost:3000/_next/static/chunks/ccf90_next_dist_6161fc0b._.js:2287
[ 1246006ms] [LOG] [Fast Refresh] done in 48ms @ http://localhost:3000/_next/static/chunks/ccf90_next_dist_6161fc0b._.js:2287
[ 1326718ms] [LOG] [Fast Refresh] rebuilding @ http://localhost:3000/_next/static/chunks/ccf90_next_dist_6161fc0b._.js:2287
[ 1327156ms] [LOG] [Fast Refresh] done in 754ms @ http://localhost:3000/_next/static/chunks/ccf90_next_dist_6161fc0b._.js:2287
[ 1333238ms] [LOG] [Fast Refresh] rebuilding @ http://localhost:3000/_next/static/chunks/ccf90_next_dist_6161fc0b._.js:2287
[ 1333402ms] [LOG] [Fast Refresh] done in 264ms @ http://localhost:3000/_next/static/chunks/ccf90_next_dist_6161fc0b._.js:2287
[ 1446048ms] [LOG] [Fast Refresh] rebuilding @ http://localhost:3000/_next/static/chunks/ccf90_next_dist_6161fc0b._.js:2287
[ 1446553ms] [LOG] [Fast Refresh] done in 589ms @ http://localhost:3000/_next/static/chunks/ccf90_next_dist_6161fc0b._.js:2287
[ 1462002ms] [LOG] [Fast Refresh] rebuilding @ http://localhost:3000/_next/static/chunks/ccf90_next_dist_6161fc0b._.js:2287
[ 1462020ms] [LOG] [Fast Refresh] done in 34ms @ http://localhost:3000/_next/static/chunks/ccf90_next_dist_6161fc0b._.js:2287
[ 1472344ms] [LOG] [Fast Refresh] rebuilding @ http://localhost:3000/_next/static/chunks/ccf90_next_dist_6161fc0b._.js:2287
[ 1472502ms] [LOG] [Fast Refresh] done in 82ms @ http://localhost:3000/_next/static/chunks/ccf90_next_dist_6161fc0b._.js:2287
[ 1505637ms] [LOG] [Fast Refresh] rebuilding @ http://localhost:3000/_next/static/chunks/ccf90_next_dist_6161fc0b._.js:2287
[ 1505669ms] [LOG] [Fast Refresh] done in 40ms @ http://localhost:3000/_next/static/chunks/ccf90_next_dist_6161fc0b._.js:2287
[ 1513960ms] [LOG] [Fast Refresh] rebuilding @ http://localhost:3000/_next/static/chunks/ccf90_next_dist_6161fc0b._.js:2287
[ 1513988ms] [LOG] [Fast Refresh] done in 35ms @ http://localhost:3000/_next/static/chunks/ccf90_next_dist_6161fc0b._.js:2287
[ 1520894ms] [LOG] [Fast Refresh] rebuilding @ http://localhost:3000/_next/static/chunks/ccf90_next_dist_6161fc0b._.js:2287
[ 1520911ms] [LOG] [Fast Refresh] done in 61ms @ http://localhost:3000/_next/static/chunks/ccf90_next_dist_6161fc0b._.js:2287
[ 1563845ms] [LOG] [Fast Refresh] rebuilding @ http://localhost:3000/_next/static/chunks/ccf90_next_dist_6161fc0b._.js:2287
[ 1564408ms] [LOG] [Fast Refresh] done in 663ms @ http://localhost:3000/_next/static/chunks/ccf90_next_dist_6161fc0b._.js:2287
[ 1670579ms] [LOG] [Fast Refresh] rebuilding @ http://localhost:3000/_next/static/chunks/ccf90_next_dist_6161fc0b._.js:2287
[ 1671554ms] [LOG] [Fast Refresh] done in 1065ms @ http://localhost:3000/_next/static/chunks/ccf90_next_dist_6161fc0b._.js:2287
[ 1684046ms] [LOG] [Fast Refresh] rebuilding @ http://localhost:3000/_next/static/chunks/ccf90_next_dist_6161fc0b._.js:2287
[ 1692986ms] [LOG] [Fast Refresh] done in 9038ms @ http://localhost:3000/_next/static/chunks/ccf90_next_dist_6161fc0b._.js:2287
[ 1693694ms] [LOG] [Fast Refresh] rebuilding @ http://localhost:3000/_next/static/chunks/ccf90_next_dist_6161fc0b._.js:2287
[ 1693861ms] [LOG] [Fast Refresh] done in 270ms @ http://localhost:3000/_next/static/chunks/ccf90_next_dist_6161fc0b._.js:2287
